A D/blink////
A D/castlerock////
A D/collect////
A D/compile-platforms////
A D/email////
A D/energest-demo////
A D/esb////
A D/example-shell////
A D/ftp////
A D/hello-world////
A D/ipso-ipv6-raven////
A D/ipv6////
A D/irc////
A D/jcreate////
A D/mb851////
A D/meshroute////
A D/multi-threading////
A D/netperf////
A D/new-ipv6////
A D/ping-ipv6////
A D/powertrace////
A D/ravenusbstick////
A D/rest////
A D/rest-example////
A D/rime////
A D/sensinode////
A D/sensinode-shell////
A D/servreg-hack////
A D/sky////
A D/sky-ip////
A D/sky-shell////
A D/sky-shell-exec////
A D/sky-shell-webserver////
A D/telnet-server////
A D/test-ipv6////
A D/treeroute////
A D/udp-ipv6////
A D/udp-receiver-ipv6////
A D/udp-sender-ipv6////
A D/webbrowser////
A D/webserver////
A D/webserver-ipv6////
A D/webserver-ipv6-raven////
A D/wget////
A D/z1////
