A D/apple2enh////
A D/atari////
A D/avr-raven////
A D/avr-ravenlcd////
A D/avr-ravenusb////
A D/avr-rcb////
A D/avr-zigbit////
A D/c128////
A D/c64////
A D/cc2420dbk////
A D/cooja////
A D/esb////
A D/ethernut1////
A D/ethernut2////
A D/gtk////
A D/jcreate////
A D/mb851////
A D/micaz////
A D/minimal-net////
A D/minimal-ppp////
A D/msb430////
A D/native////
A D/netsim////
A D/pc-6001////
A D/redbee-dev////
A D/redbee-econotag////
A D/redbee-usb////
A D/sensinode////
A D/sentilla-usb////
A D/sky////
A D/stepper-robot////
A D/stk501////
A D/stm32test////
A D/win32////
A D/z1////
